mode: count
github.com/LucasCarioca/ibru-api/pkg/services/sugar-services.go:21.38,26.2 1 0
github.com/LucasCarioca/ibru-api/pkg/services/sugar-services.go:29.71,31.18 2 0
github.com/LucasCarioca/ibru-api/pkg/services/sugar-services.go:36.2,36.15 1 0
github.com/LucasCarioca/ibru-api/pkg/services/sugar-services.go:31.18,33.3 1 0
github.com/LucasCarioca/ibru-api/pkg/services/sugar-services.go:33.8,35.3 1 0
github.com/LucasCarioca/ibru-api/pkg/services/sugar-services.go:40.96,42.18 2 0
github.com/LucasCarioca/ibru-api/pkg/services/sugar-services.go:47.2,47.15 1 0
github.com/LucasCarioca/ibru-api/pkg/services/sugar-services.go:42.18,44.3 1 0
github.com/LucasCarioca/ibru-api/pkg/services/sugar-services.go:44.8,46.3 1 0
github.com/LucasCarioca/ibru-api/pkg/services/sugar-services.go:51.103,59.2 3 0
github.com/LucasCarioca/ibru-api/pkg/services/sugar-services.go:62.68,66.11 4 0
github.com/LucasCarioca/ibru-api/pkg/services/sugar-services.go:69.2,69.43 1 0
github.com/LucasCarioca/ibru-api/pkg/services/sugar-services.go:66.11,68.3 1 0
github.com/LucasCarioca/ibru-api/pkg/services/sugar-services.go:73.71,77.11 4 0
github.com/LucasCarioca/ibru-api/pkg/services/sugar-services.go:80.2,81.16 2 0
github.com/LucasCarioca/ibru-api/pkg/services/sugar-services.go:77.11,79.3 1 0
github.com/LucasCarioca/ibru-api/pkg/services/yeast-services.go:21.38,26.2 1 0
github.com/LucasCarioca/ibru-api/pkg/services/yeast-services.go:29.71,31.18 2 0
github.com/LucasCarioca/ibru-api/pkg/services/yeast-services.go:36.2,36.15 1 0
github.com/LucasCarioca/ibru-api/pkg/services/yeast-services.go:31.18,33.3 1 0
github.com/LucasCarioca/ibru-api/pkg/services/yeast-services.go:33.8,35.3 1 0
github.com/LucasCarioca/ibru-api/pkg/services/yeast-services.go:40.96,42.18 2 0
github.com/LucasCarioca/ibru-api/pkg/services/yeast-services.go:47.2,47.15 1 0
github.com/LucasCarioca/ibru-api/pkg/services/yeast-services.go:42.18,44.3 1 0
github.com/LucasCarioca/ibru-api/pkg/services/yeast-services.go:44.8,46.3 1 0
github.com/LucasCarioca/ibru-api/pkg/services/yeast-services.go:51.171,63.2 3 0
github.com/LucasCarioca/ibru-api/pkg/services/yeast-services.go:66.68,70.11 4 0
github.com/LucasCarioca/ibru-api/pkg/services/yeast-services.go:73.2,73.43 1 0
github.com/LucasCarioca/ibru-api/pkg/services/yeast-services.go:70.11,72.3 1 0
github.com/LucasCarioca/ibru-api/pkg/services/yeast-services.go:77.71,81.11 4 0
github.com/LucasCarioca/ibru-api/pkg/services/yeast-services.go:84.2,85.16 2 0
github.com/LucasCarioca/ibru-api/pkg/services/yeast-services.go:81.11,83.3 1 0
